<?xml version="1.0" encoding="UTF-8"?>
<testsuite xmlns:xsi="http://www.w3.org/2001/XMLSchema-instance" xsi:noNamespaceSchemaLocation="https://maven.apache.org/surefire/maven-surefire-plugin/xsd/surefire-test-report-3.0.xsd" version="3.0" name="TestRunner" time="11.54" tests="0" errors="0" skipped="0" failures="0">
  <properties>
    <property name="java.specification.version" value="18"/>
    <property name="webdriver.chrome.driver" value="C:\Users\Shakeer\.cache\selenium\chromedriver\win64\127.0.6533.119\chromedriver.exe"/>
    <property name="sun.cpu.isalist" value="amd64"/>
    <property name="sun.jnu.encoding" value="Cp1252"/>
    <property name="java.class.path" value="C:\Users\Shakeer\IdeaProjects\CucumberFramework\target\test-classes;C:\Users\Shakeer\IdeaProjects\CucumberFramework\target\classes;C:\Users\Shakeer\.m2\repository\org\seleniumhq\selenium\selenium-java\4.8.2\selenium-java-4.8.2.jar;C:\Users\Shakeer\.m2\repository\org\seleniumhq\selenium\selenium-api\4.8.2\selenium-api-4.8.2.jar;C:\Users\Shakeer\.m2\repository\org\seleniumhq\selenium\selenium-chrome-driver\4.8.2\selenium-chrome-driver-4.8.2.jar;C:\Users\Shakeer\.m2\repository\com\google\auto\service\auto-service-annotations\1.0.1\auto-service-annotations-1.0.1.jar;C:\Users\Shakeer\.m2\repository\com\google\auto\service\auto-service\1.0.1\auto-service-1.0.1.jar;C:\Users\Shakeer\.m2\repository\com\google\auto\auto-common\1.2\auto-common-1.2.jar;C:\Users\Shakeer\.m2\repository\com\google\guava\guava\31.1-jre\guava-31.1-jre.jar;C:\Users\Shakeer\.m2\repository\com\google\guava\failureaccess\1.0.1\failureaccess-1.0.1.jar;C:\Users\Shakeer\.m2\repository\com\google\guava\listenablefuture\9999.0-empty-to-avoid-conflict-with-guava\listenablefuture-9999.0-empty-to-avoid-conflict-with-guava.jar;C:\Users\Shakeer\.m2\repository\org\checkerframework\checker-qual\3.12.0\checker-qual-3.12.0.jar;C:\Users\Shakeer\.m2\repository\com\google\errorprone\error_prone_annotations\2.11.0\error_prone_annotations-2.11.0.jar;C:\Users\Shakeer\.m2\repository\com\google\j2objc\j2objc-annotations\1.3\j2objc-annotations-1.3.jar;C:\Users\Shakeer\.m2\repository\org\seleniumhq\selenium\selenium-chromium-driver\4.8.2\selenium-chromium-driver-4.8.2.jar;C:\Users\Shakeer\.m2\repository\org\seleniumhq\selenium\selenium-json\4.8.2\selenium-json-4.8.2.jar;C:\Users\Shakeer\.m2\repository\org\seleniumhq\selenium\selenium-manager\4.8.2\selenium-manager-4.8.2.jar;C:\Users\Shakeer\.m2\repository\org\seleniumhq\selenium\selenium-devtools-v109\4.8.2\selenium-devtools-v109-4.8.2.jar;C:\Users\Shakeer\.m2\repository\org\seleniumhq\selenium\selenium-devtools-v110\4.8.2\selenium-devtools-v110-4.8.2.jar;C:\Users\Shakeer\.m2\repository\org\seleniumhq\selenium\selenium-devtools-v111\4.8.2\selenium-devtools-v111-4.8.2.jar;C:\Users\Shakeer\.m2\repository\org\seleniumhq\selenium\selenium-devtools-v85\4.8.2\selenium-devtools-v85-4.8.2.jar;C:\Users\Shakeer\.m2\repository\org\seleniumhq\selenium\selenium-edge-driver\4.8.2\selenium-edge-driver-4.8.2.jar;C:\Users\Shakeer\.m2\repository\org\seleniumhq\selenium\selenium-firefox-driver\4.8.2\selenium-firefox-driver-4.8.2.jar;C:\Users\Shakeer\.m2\repository\org\seleniumhq\selenium\selenium-http\4.8.2\selenium-http-4.8.2.jar;C:\Users\Shakeer\.m2\repository\dev\failsafe\failsafe\3.3.1\failsafe-3.3.1.jar;C:\Users\Shakeer\.m2\repository\org\seleniumhq\selenium\selenium-ie-driver\4.8.2\selenium-ie-driver-4.8.2.jar;C:\Users\Shakeer\.m2\repository\org\seleniumhq\selenium\selenium-remote-driver\4.8.2\selenium-remote-driver-4.8.2.jar;C:\Users\Shakeer\.m2\repository\io\netty\netty-buffer\4.1.90.Final\netty-buffer-4.1.90.Final.jar;C:\Users\Shakeer\.m2\repository\io\netty\netty-codec-http\4.1.90.Final\netty-codec-http-4.1.90.Final.jar;C:\Users\Shakeer\.m2\repository\io\netty\netty-codec\4.1.90.Final\netty-codec-4.1.90.Final.jar;C:\Users\Shakeer\.m2\repository\io\netty\netty-handler\4.1.90.Final\netty-handler-4.1.90.Final.jar;C:\Users\Shakeer\.m2\repository\io\netty\netty-common\4.1.90.Final\netty-common-4.1.90.Final.jar;C:\Users\Shakeer\.m2\repository\io\netty\netty-transport-classes-epoll\4.1.90.Final\netty-transport-classes-epoll-4.1.90.Final.jar;C:\Users\Shakeer\.m2\repository\io\netty\netty-transport-classes-kqueue\4.1.90.Final\netty-transport-classes-kqueue-4.1.90.Final.jar;C:\Users\Shakeer\.m2\repository\io\netty\netty-transport-native-epoll\4.1.90.Final\netty-transport-native-epoll-4.1.90.Final.jar;C:\Users\Shakeer\.m2\repository\io\netty\netty-transport-native-kqueue\4.1.90.Final\netty-transport-native-kqueue-4.1.90.Final.jar;C:\Users\Shakeer\.m2\repository\io\netty\netty-transport-native-unix-common\4.1.90.Final\netty-transport-native-unix-common-4.1.90.Final.jar;C:\Users\Shakeer\.m2\repository\io\netty\netty-transport\4.1.90.Final\netty-transport-4.1.90.Final.jar;C:\Users\Shakeer\.m2\repository\io\netty\netty-resolver\4.1.90.Final\netty-resolver-4.1.90.Final.jar;C:\Users\Shakeer\.m2\repository\io\opentelemetry\opentelemetry-api\1.24.0\opentelemetry-api-1.24.0.jar;C:\Users\Shakeer\.m2\repository\io\opentelemetry\opentelemetry-context\1.24.0\opentelemetry-context-1.24.0.jar;C:\Users\Shakeer\.m2\repository\io\opentelemetry\opentelemetry-exporter-logging\1.24.0\opentelemetry-exporter-logging-1.24.0.jar;C:\Users\Shakeer\.m2\repository\io\opentelemetry\opentelemetry-sdk-metrics\1.24.0\opentelemetry-sdk-metrics-1.24.0.jar;C:\Users\Shakeer\.m2\repository\io\opentelemetry\opentelemetry-sdk-logs\1.24.0-alpha\opentelemetry-sdk-logs-1.24.0-alpha.jar;C:\Users\Shakeer\.m2\repository\io\opentelemetry\opentelemetry-api-logs\1.24.0-alpha\opentelemetry-api-logs-1.24.0-alpha.jar;C:\Users\Shakeer\.m2\repository\io\opentelemetry\opentelemetry-api-events\1.24.0-alpha\opentelemetry-api-events-1.24.0-alpha.jar;C:\Users\Shakeer\.m2\repository\io\opentelemetry\opentelemetry-sdk-common\1.24.0\opentelemetry-sdk-common-1.24.0.jar;C:\Users\Shakeer\.m2\repository\io\opentelemetry\opentelemetry-sdk-extension-autoconfigure-spi\1.24.0\opentelemetry-sdk-extension-autoconfigure-spi-1.24.0.jar;C:\Users\Shakeer\.m2\repository\io\opentelemetry\opentelemetry-sdk-extension-autoconfigure\1.24.0-alpha\opentelemetry-sdk-extension-autoconfigure-1.24.0-alpha.jar;C:\Users\Shakeer\.m2\repository\io\opentelemetry\opentelemetry-sdk-trace\1.24.0\opentelemetry-sdk-trace-1.24.0.jar;C:\Users\Shakeer\.m2\repository\io\opentelemetry\opentelemetry-sdk\1.24.0\opentelemetry-sdk-1.24.0.jar;C:\Users\Shakeer\.m2\repository\io\opentelemetry\opentelemetry-semconv\1.24.0-alpha\opentelemetry-semconv-1.24.0-alpha.jar;C:\Users\Shakeer\.m2\repository\io\ous\jtoml\2.0.0\jtoml-2.0.0.jar;C:\Users\Shakeer\.m2\repository\net\bytebuddy\byte-buddy\1.14.2\byte-buddy-1.14.2.jar;C:\Users\Shakeer\.m2\repository\org\apache\commons\commons-exec\1.3\commons-exec-1.3.jar;C:\Users\Shakeer\.m2\repository\org\asynchttpclient\async-http-client\2.12.3\async-http-client-2.12.3.jar;C:\Users\Shakeer\.m2\repository\org\asynchttpclient\async-http-client-netty-utils\2.12.3\async-http-client-netty-utils-2.12.3.jar;C:\Users\Shakeer\.m2\repository\io\netty\netty-codec-socks\4.1.60.Final\netty-codec-socks-4.1.60.Final.jar;C:\Users\Shakeer\.m2\repository\io\netty\netty-handler-proxy\4.1.60.Final\netty-handler-proxy-4.1.60.Final.jar;C:\Users\Shakeer\.m2\repository\io\netty\netty-transport-native-epoll\4.1.60.Final\netty-transport-native-epoll-4.1.60.Final-linux-x86_64.jar;C:\Users\Shakeer\.m2\repository\io\netty\netty-transport-native-kqueue\4.1.60.Final\netty-transport-native-kqueue-4.1.60.Final-osx-x86_64.jar;C:\Users\Shakeer\.m2\repository\org\reactivestreams\reactive-streams\1.0.3\reactive-streams-1.0.3.jar;C:\Users\Shakeer\.m2\repository\com\typesafe\netty\netty-reactive-streams\2.0.4\netty-reactive-streams-2.0.4.jar;C:\Users\Shakeer\.m2\repository\com\sun\activation\jakarta.activation\1.2.2\jakarta.activation-1.2.2.jar;C:\Users\Shakeer\.m2\repository\org\seleniumhq\selenium\selenium-safari-driver\4.8.2\selenium-safari-driver-4.8.2.jar;C:\Users\Shakeer\.m2\repository\org\seleniumhq\selenium\selenium-support\4.8.2\selenium-support-4.8.2.jar;C:\Users\Shakeer\.m2\repository\io\github\bonigarcia\webdrivermanager\5.8.0\webdrivermanager-5.8.0.jar;C:\Users\Shakeer\.m2\repository\org\slf4j\slf4j-api\2.0.12\slf4j-api-2.0.12.jar;C:\Users\Shakeer\.m2\repository\com\google\code\gson\gson\2.10.1\gson-2.10.1.jar;C:\Users\Shakeer\.m2\repository\com\github\docker-java\docker-java\3.3.6\docker-java-3.3.6.jar;C:\Users\Shakeer\.m2\repository\com\github\docker-java\docker-java-core\3.3.6\docker-java-core-3.3.6.jar;C:\Users\Shakeer\.m2\repository\com\github\docker-java\docker-java-api\3.3.6\docker-java-api-3.3.6.jar;C:\Users\Shakeer\.m2\repository\com\fasterxml\jackson\core\jackson-annotations\2.10.3\jackson-annotations-2.10.3.jar;C:\Users\Shakeer\.m2\repository\com\fasterxml\jackson\core\jackson-databind\2.10.3\jackson-databind-2.10.3.jar;C:\Users\Shakeer\.m2\repository\com\fasterxml\jackson\core\jackson-core\2.10.3\jackson-core-2.10.3.jar;C:\Users\Shakeer\.m2\repository\org\bouncycastle\bcpkix-jdk18on\1.76\bcpkix-jdk18on-1.76.jar;C:\Users\Shakeer\.m2\repository\org\bouncycastle\bcprov-jdk18on\1.76\bcprov-jdk18on-1.76.jar;C:\Users\Shakeer\.m2\repository\org\bouncycastle\bcutil-jdk18on\1.76\bcutil-jdk18on-1.76.jar;C:\Users\Shakeer\.m2\repository\org\slf4j\jcl-over-slf4j\1.7.30\jcl-over-slf4j-1.7.30.jar;C:\Users\Shakeer\.m2\repository\com\github\docker-java\docker-java-transport-httpclient5\3.3.6\docker-java-transport-httpclient5-3.3.6.jar;C:\Users\Shakeer\.m2\repository\com\github\docker-java\docker-java-transport\3.3.6\docker-java-transport-3.3.6.jar;C:\Users\Shakeer\.m2\repository\net\java\dev\jna\jna\5.13.0\jna-5.13.0.jar;C:\Users\Shakeer\.m2\repository\org\brotli\dec\0.1.2\dec-0.1.2.jar;C:\Users\Shakeer\.m2\repository\org\apache\commons\commons-lang3\3.14.0\commons-lang3-3.14.0.jar;C:\Users\Shakeer\.m2\repository\org\apache\commons\commons-compress\1.26.1\commons-compress-1.26.1.jar;C:\Users\Shakeer\.m2\repository\commons-codec\commons-codec\1.16.1\commons-codec-1.16.1.jar;C:\Users\Shakeer\.m2\repository\commons-io\commons-io\2.15.1\commons-io-2.15.1.jar;C:\Users\Shakeer\.m2\repository\org\apache\httpcomponents\client5\httpclient5\5.2.1\httpclient5-5.2.1.jar;C:\Users\Shakeer\.m2\repository\org\apache\httpcomponents\core5\httpcore5\5.2\httpcore5-5.2.jar;C:\Users\Shakeer\.m2\repository\org\apache\httpcomponents\core5\httpcore5-h2\5.2\httpcore5-h2-5.2.jar;C:\Users\Shakeer\.m2\repository\com\codoid\products\fillo\1.22\fillo-1.22.jar;C:\Users\Shakeer\.m2\repository\org\testng\testng\7.7.1\testng-7.7.1.jar;C:\Users\Shakeer\.m2\repository\com\beust\jcommander\1.82\jcommander-1.82.jar;C:\Users\Shakeer\.m2\repository\org\webjars\jquery\3.6.1\jquery-3.6.1.jar;C:\Users\Shakeer\.m2\repository\io\rest-assured\rest-assured\4.0.0\rest-assured-4.0.0.jar;C:\Users\Shakeer\.m2\repository\org\codehaus\groovy\groovy-xml\2.5.6\groovy-xml-2.5.6.jar;C:\Users\Shakeer\.m2\repository\org\apache\httpcomponents\httpclient\4.5.3\httpclient-4.5.3.jar;C:\Users\Shakeer\.m2\repository\org\apache\httpcomponents\httpcore\4.4.6\httpcore-4.4.6.jar;C:\Users\Shakeer\.m2\repository\commons-logging\commons-logging\1.2\commons-logging-1.2.jar;C:\Users\Shakeer\.m2\repository\org\apache\httpcomponents\httpmime\4.5.3\httpmime-4.5.3.jar;C:\Users\Shakeer\.m2\repository\org\hamcrest\hamcrest-core\2.1\hamcrest-core-2.1.jar;C:\Users\Shakeer\.m2\repository\org\hamcrest\hamcrest-library\2.1\hamcrest-library-2.1.jar;C:\Users\Shakeer\.m2\repository\org\ccil\cowan\tagsoup\tagsoup\1.2.1\tagsoup-1.2.1.jar;C:\Users\Shakeer\.m2\repository\io\rest-assured\json-path\4.0.0\json-path-4.0.0.jar;C:\Users\Shakeer\.m2\repository\org\codehaus\groovy\groovy-json\2.5.6\groovy-json-2.5.6.jar;C:\Users\Shakeer\.m2\repository\io\rest-assured\xml-path\4.2.0\xml-path-4.2.0.jar;C:\Users\Shakeer\.m2\repository\io\rest-assured\rest-assured-common\4.2.0\rest-assured-common-4.2.0.jar;C:\Users\Shakeer\.m2\repository\jakarta\xml\bind\jakarta.xml.bind-api\2.3.2\jakarta.xml.bind-api-2.3.2.jar;C:\Users\Shakeer\.m2\repository\jakarta\activation\jakarta.activation-api\1.2.1\jakarta.activation-api-1.2.1.jar;C:\Users\Shakeer\.m2\repository\com\sun\xml\bind\jaxb-osgi\2.3.0.1\jaxb-osgi-2.3.0.1.jar;C:\Users\Shakeer\.m2\repository\org\apache\sling\org.apache.sling.javax.activation\0.1.0\org.apache.sling.javax.activation-0.1.0.jar;C:\Users\Shakeer\.m2\repository\javax\activation\activation\1.1.1\activation-1.1.1.jar;C:\Users\Shakeer\.m2\repository\io\rest-assured\json-schema-validator\4.2.0\json-schema-validator-4.2.0.jar;C:\Users\Shakeer\.m2\repository\com\github\java-json-tools\json-schema-validator\2.2.10\json-schema-validator-2.2.10.jar;C:\Users\Shakeer\.m2\repository\com\github\java-json-tools\json-schema-core\1.2.10\json-schema-core-1.2.10.jar;C:\Users\Shakeer\.m2\repository\com\github\java-json-tools\jackson-coreutils\1.9\jackson-coreutils-1.9.jar;C:\Users\Shakeer\.m2\repository\com\github\fge\msg-simple\1.1\msg-simple-1.1.jar;C:\Users\Shakeer\.m2\repository\com\github\fge\btf\1.2\btf-1.2.jar;C:\Users\Shakeer\.m2\repository\com\github\fge\uri-template\0.9\uri-template-0.9.jar;C:\Users\Shakeer\.m2\repository\org\mozilla\rhino\1.7.7.1\rhino-1.7.7.1.jar;C:\Users\Shakeer\.m2\repository\javax\mail\mailapi\1.4.3\mailapi-1.4.3.jar;C:\Users\Shakeer\.m2\repository\joda-time\joda-time\2.9.7\joda-time-2.9.7.jar;C:\Users\Shakeer\.m2\repository\com\googlecode\libphonenumber\libphonenumber\8.0.0\libphonenumber-8.0.0.jar;C:\Users\Shakeer\.m2\repository\com\google\code\findbugs\jsr305\3.0.1\jsr305-3.0.1.jar;C:\Users\Shakeer\.m2\repository\net\sf\jopt-simple\jopt-simple\5.0.3\jopt-simple-5.0.3.jar;C:\Users\Shakeer\.m2\repository\org\hamcrest\hamcrest\2.1\hamcrest-2.1.jar;C:\Users\Shakeer\.m2\repository\org\codehaus\groovy\groovy\3.0.8\groovy-3.0.8.jar;C:\Users\Shakeer\.m2\repository\org\apache\logging\log4j\log4j-core\2.20.0\log4j-core-2.20.0.jar;C:\Users\Shakeer\.m2\repository\org\apache\logging\log4j\log4j-api\2.20.0\log4j-api-2.20.0.jar;C:\Users\Shakeer\.m2\repository\io\cucumber\cucumber-java\7.11.1\cucumber-java-7.11.1.jar;C:\Users\Shakeer\.m2\repository\org\apiguardian\apiguardian-api\1.1.2\apiguardian-api-1.1.2.jar;C:\Users\Shakeer\.m2\repository\io\cucumber\cucumber-junit\7.11.1\cucumber-junit-7.11.1.jar;C:\Users\Shakeer\.m2\repository\io\cucumber\cucumber-core\7.11.1\cucumber-core-7.11.1.jar;C:\Users\Shakeer\.m2\repository\io\cucumber\cucumber-gherkin\7.11.1\cucumber-gherkin-7.11.1.jar;C:\Users\Shakeer\.m2\repository\io\cucumber\cucumber-gherkin-messages\7.11.1\cucumber-gherkin-messages-7.11.1.jar;C:\Users\Shakeer\.m2\repository\io\cucumber\gherkin\26.0.3\gherkin-26.0.3.jar;C:\Users\Shakeer\.m2\repository\io\cucumber\messages\21.0.1\messages-21.0.1.jar;C:\Users\Shakeer\.m2\repository\io\cucumber\tag-expressions\5.0.1\tag-expressions-5.0.1.jar;C:\Users\Shakeer\.m2\repository\io\cucumber\cucumber-expressions\16.1.2\cucumber-expressions-16.1.2.jar;C:\Users\Shakeer\.m2\repository\io\cucumber\datatable\7.11.1\datatable-7.11.1.jar;C:\Users\Shakeer\.m2\repository\io\cucumber\cucumber-plugin\7.11.1\cucumber-plugin-7.11.1.jar;C:\Users\Shakeer\.m2\repository\io\cucumber\docstring\7.11.1\docstring-7.11.1.jar;C:\Users\Shakeer\.m2\repository\io\cucumber\html-formatter\20.2.1\html-formatter-20.2.1.jar;C:\Users\Shakeer\.m2\repository\io\cucumber\junit-xml-formatter\0.1.0\junit-xml-formatter-0.1.0.jar;C:\Users\Shakeer\.m2\repository\io\cucumber\ci-environment\9.1.0\ci-environment-9.1.0.jar;C:\Users\Shakeer\.m2\repository\junit\junit\4.13.2\junit-4.13.2.jar;"/>
    <property name="java.vm.vendor" value="Oracle Corporation"/>
    <property name="sun.arch.data.model" value="64"/>
    <property name="user.variant" value=""/>
    <property name="java.vendor.url" value="https://java.oracle.com/"/>
    <property name="user.timezone" value="Asia/Calcutta"/>
    <property name="os.name" value="Windows 11"/>
    <property name="java.vm.specification.version" value="18"/>
    <property name="sun.java.launcher" value="SUN_STANDARD"/>
    <property name="user.country" value="IN"/>
    <property name="sun.boot.library.path" value="C:\Program Files\JAVA\jdk-18.0.1.1\bin"/>
    <property name="sun.java.command" value="C:\Users\Shakeer\AppData\Local\Temp\surefire429794656265637912\surefirebooter-20240814214654188_3.jar C:\Users\Shakeer\AppData\Local\Temp\surefire429794656265637912 2024-08-14T21-46-53_438-jvmRun1 surefire-20240814214654188_1tmp surefire_0-20240814214654188_2tmp"/>
    <property name="jdk.debug" value="release"/>
    <property name="surefire.test.class.path" value="C:\Users\Shakeer\IdeaProjects\CucumberFramework\target\test-classes;C:\Users\Shakeer\IdeaProjects\CucumberFramework\target\classes;C:\Users\Shakeer\.m2\repository\org\seleniumhq\selenium\selenium-java\4.8.2\selenium-java-4.8.2.jar;C:\Users\Shakeer\.m2\repository\org\seleniumhq\selenium\selenium-api\4.8.2\selenium-api-4.8.2.jar;C:\Users\Shakeer\.m2\repository\org\seleniumhq\selenium\selenium-chrome-driver\4.8.2\selenium-chrome-driver-4.8.2.jar;C:\Users\Shakeer\.m2\repository\com\google\auto\service\auto-service-annotations\1.0.1\auto-service-annotations-1.0.1.jar;C:\Users\Shakeer\.m2\repository\com\google\auto\service\auto-service\1.0.1\auto-service-1.0.1.jar;C:\Users\Shakeer\.m2\repository\com\google\auto\auto-common\1.2\auto-common-1.2.jar;C:\Users\Shakeer\.m2\repository\com\google\guava\guava\31.1-jre\guava-31.1-jre.jar;C:\Users\Shakeer\.m2\repository\com\google\guava\failureaccess\1.0.1\failureaccess-1.0.1.jar;C:\Users\Shakeer\.m2\repository\com\google\guava\listenablefuture\9999.0-empty-to-avoid-conflict-with-guava\listenablefuture-9999.0-empty-to-avoid-conflict-with-guava.jar;C:\Users\Shakeer\.m2\repository\org\checkerframework\checker-qual\3.12.0\checker-qual-3.12.0.jar;C:\Users\Shakeer\.m2\repository\com\google\errorprone\error_prone_annotations\2.11.0\error_prone_annotations-2.11.0.jar;C:\Users\Shakeer\.m2\repository\com\google\j2objc\j2objc-annotations\1.3\j2objc-annotations-1.3.jar;C:\Users\Shakeer\.m2\repository\org\seleniumhq\selenium\selenium-chromium-driver\4.8.2\selenium-chromium-driver-4.8.2.jar;C:\Users\Shakeer\.m2\repository\org\seleniumhq\selenium\selenium-json\4.8.2\selenium-json-4.8.2.jar;C:\Users\Shakeer\.m2\repository\org\seleniumhq\selenium\selenium-manager\4.8.2\selenium-manager-4.8.2.jar;C:\Users\Shakeer\.m2\repository\org\seleniumhq\selenium\selenium-devtools-v109\4.8.2\selenium-devtools-v109-4.8.2.jar;C:\Users\Shakeer\.m2\repository\org\seleniumhq\selenium\selenium-devtools-v110\4.8.2\selenium-devtools-v110-4.8.2.jar;C:\Users\Shakeer\.m2\repository\org\seleniumhq\selenium\selenium-devtools-v111\4.8.2\selenium-devtools-v111-4.8.2.jar;C:\Users\Shakeer\.m2\repository\org\seleniumhq\selenium\selenium-devtools-v85\4.8.2\selenium-devtools-v85-4.8.2.jar;C:\Users\Shakeer\.m2\repository\org\seleniumhq\selenium\selenium-edge-driver\4.8.2\selenium-edge-driver-4.8.2.jar;C:\Users\Shakeer\.m2\repository\org\seleniumhq\selenium\selenium-firefox-driver\4.8.2\selenium-firefox-driver-4.8.2.jar;C:\Users\Shakeer\.m2\repository\org\seleniumhq\selenium\selenium-http\4.8.2\selenium-http-4.8.2.jar;C:\Users\Shakeer\.m2\repository\dev\failsafe\failsafe\3.3.1\failsafe-3.3.1.jar;C:\Users\Shakeer\.m2\repository\org\seleniumhq\selenium\selenium-ie-driver\4.8.2\selenium-ie-driver-4.8.2.jar;C:\Users\Shakeer\.m2\repository\org\seleniumhq\selenium\selenium-remote-driver\4.8.2\selenium-remote-driver-4.8.2.jar;C:\Users\Shakeer\.m2\repository\io\netty\netty-buffer\4.1.90.Final\netty-buffer-4.1.90.Final.jar;C:\Users\Shakeer\.m2\repository\io\netty\netty-codec-http\4.1.90.Final\netty-codec-http-4.1.90.Final.jar;C:\Users\Shakeer\.m2\repository\io\netty\netty-codec\4.1.90.Final\netty-codec-4.1.90.Final.jar;C:\Users\Shakeer\.m2\repository\io\netty\netty-handler\4.1.90.Final\netty-handler-4.1.90.Final.jar;C:\Users\Shakeer\.m2\repository\io\netty\netty-common\4.1.90.Final\netty-common-4.1.90.Final.jar;C:\Users\Shakeer\.m2\repository\io\netty\netty-transport-classes-epoll\4.1.90.Final\netty-transport-classes-epoll-4.1.90.Final.jar;C:\Users\Shakeer\.m2\repository\io\netty\netty-transport-classes-kqueue\4.1.90.Final\netty-transport-classes-kqueue-4.1.90.Final.jar;C:\Users\Shakeer\.m2\repository\io\netty\netty-transport-native-epoll\4.1.90.Final\netty-transport-native-epoll-4.1.90.Final.jar;C:\Users\Shakeer\.m2\repository\io\netty\netty-transport-native-kqueue\4.1.90.Final\netty-transport-native-kqueue-4.1.90.Final.jar;C:\Users\Shakeer\.m2\repository\io\netty\netty-transport-native-unix-common\4.1.90.Final\netty-transport-native-unix-common-4.1.90.Final.jar;C:\Users\Shakeer\.m2\repository\io\netty\netty-transport\4.1.90.Final\netty-transport-4.1.90.Final.jar;C:\Users\Shakeer\.m2\repository\io\netty\netty-resolver\4.1.90.Final\netty-resolver-4.1.90.Final.jar;C:\Users\Shakeer\.m2\repository\io\opentelemetry\opentelemetry-api\1.24.0\opentelemetry-api-1.24.0.jar;C:\Users\Shakeer\.m2\repository\io\opentelemetry\opentelemetry-context\1.24.0\opentelemetry-context-1.24.0.jar;C:\Users\Shakeer\.m2\repository\io\opentelemetry\opentelemetry-exporter-logging\1.24.0\opentelemetry-exporter-logging-1.24.0.jar;C:\Users\Shakeer\.m2\repository\io\opentelemetry\opentelemetry-sdk-metrics\1.24.0\opentelemetry-sdk-metrics-1.24.0.jar;C:\Users\Shakeer\.m2\repository\io\opentelemetry\opentelemetry-sdk-logs\1.24.0-alpha\opentelemetry-sdk-logs-1.24.0-alpha.jar;C:\Users\Shakeer\.m2\repository\io\opentelemetry\opentelemetry-api-logs\1.24.0-alpha\opentelemetry-api-logs-1.24.0-alpha.jar;C:\Users\Shakeer\.m2\repository\io\opentelemetry\opentelemetry-api-events\1.24.0-alpha\opentelemetry-api-events-1.24.0-alpha.jar;C:\Users\Shakeer\.m2\repository\io\opentelemetry\opentelemetry-sdk-common\1.24.0\opentelemetry-sdk-common-1.24.0.jar;C:\Users\Shakeer\.m2\repository\io\opentelemetry\opentelemetry-sdk-extension-autoconfigure-spi\1.24.0\opentelemetry-sdk-extension-autoconfigure-spi-1.24.0.jar;C:\Users\Shakeer\.m2\repository\io\opentelemetry\opentelemetry-sdk-extension-autoconfigure\1.24.0-alpha\opentelemetry-sdk-extension-autoconfigure-1.24.0-alpha.jar;C:\Users\Shakeer\.m2\repository\io\opentelemetry\opentelemetry-sdk-trace\1.24.0\opentelemetry-sdk-trace-1.24.0.jar;C:\Users\Shakeer\.m2\repository\io\opentelemetry\opentelemetry-sdk\1.24.0\opentelemetry-sdk-1.24.0.jar;C:\Users\Shakeer\.m2\repository\io\opentelemetry\opentelemetry-semconv\1.24.0-alpha\opentelemetry-semconv-1.24.0-alpha.jar;C:\Users\Shakeer\.m2\repository\io\ous\jtoml\2.0.0\jtoml-2.0.0.jar;C:\Users\Shakeer\.m2\repository\net\bytebuddy\byte-buddy\1.14.2\byte-buddy-1.14.2.jar;C:\Users\Shakeer\.m2\repository\org\apache\commons\commons-exec\1.3\commons-exec-1.3.jar;C:\Users\Shakeer\.m2\repository\org\asynchttpclient\async-http-client\2.12.3\async-http-client-2.12.3.jar;C:\Users\Shakeer\.m2\repository\org\asynchttpclient\async-http-client-netty-utils\2.12.3\async-http-client-netty-utils-2.12.3.jar;C:\Users\Shakeer\.m2\repository\io\netty\netty-codec-socks\4.1.60.Final\netty-codec-socks-4.1.60.Final.jar;C:\Users\Shakeer\.m2\repository\io\netty\netty-handler-proxy\4.1.60.Final\netty-handler-proxy-4.1.60.Final.jar;C:\Users\Shakeer\.m2\repository\io\netty\netty-transport-native-epoll\4.1.60.Final\netty-transport-native-epoll-4.1.60.Final-linux-x86_64.jar;C:\Users\Shakeer\.m2\repository\io\netty\netty-transport-native-kqueue\4.1.60.Final\netty-transport-native-kqueue-4.1.60.Final-osx-x86_64.jar;C:\Users\Shakeer\.m2\repository\org\reactivestreams\reactive-streams\1.0.3\reactive-streams-1.0.3.jar;C:\Users\Shakeer\.m2\repository\com\typesafe\netty\netty-reactive-streams\2.0.4\netty-reactive-streams-2.0.4.jar;C:\Users\Shakeer\.m2\repository\com\sun\activation\jakarta.activation\1.2.2\jakarta.activation-1.2.2.jar;C:\Users\Shakeer\.m2\repository\org\seleniumhq\selenium\selenium-safari-driver\4.8.2\selenium-safari-driver-4.8.2.jar;C:\Users\Shakeer\.m2\repository\org\seleniumhq\selenium\selenium-support\4.8.2\selenium-support-4.8.2.jar;C:\Users\Shakeer\.m2\repository\io\github\bonigarcia\webdrivermanager\5.8.0\webdrivermanager-5.8.0.jar;C:\Users\Shakeer\.m2\repository\org\slf4j\slf4j-api\2.0.12\slf4j-api-2.0.12.jar;C:\Users\Shakeer\.m2\repository\com\google\code\gson\gson\2.10.1\gson-2.10.1.jar;C:\Users\Shakeer\.m2\repository\com\github\docker-java\docker-java\3.3.6\docker-java-3.3.6.jar;C:\Users\Shakeer\.m2\repository\com\github\docker-java\docker-java-core\3.3.6\docker-java-core-3.3.6.jar;C:\Users\Shakeer\.m2\repository\com\github\docker-java\docker-java-api\3.3.6\docker-java-api-3.3.6.jar;C:\Users\Shakeer\.m2\repository\com\fasterxml\jackson\core\jackson-annotations\2.10.3\jackson-annotations-2.10.3.jar;C:\Users\Shakeer\.m2\repository\com\fasterxml\jackson\core\jackson-databind\2.10.3\jackson-databind-2.10.3.jar;C:\Users\Shakeer\.m2\repository\com\fasterxml\jackson\core\jackson-core\2.10.3\jackson-core-2.10.3.jar;C:\Users\Shakeer\.m2\repository\org\bouncycastle\bcpkix-jdk18on\1.76\bcpkix-jdk18on-1.76.jar;C:\Users\Shakeer\.m2\repository\org\bouncycastle\bcprov-jdk18on\1.76\bcprov-jdk18on-1.76.jar;C:\Users\Shakeer\.m2\repository\org\bouncycastle\bcutil-jdk18on\1.76\bcutil-jdk18on-1.76.jar;C:\Users\Shakeer\.m2\repository\org\slf4j\jcl-over-slf4j\1.7.30\jcl-over-slf4j-1.7.30.jar;C:\Users\Shakeer\.m2\repository\com\github\docker-java\docker-java-transport-httpclient5\3.3.6\docker-java-transport-httpclient5-3.3.6.jar;C:\Users\Shakeer\.m2\repository\com\github\docker-java\docker-java-transport\3.3.6\docker-java-transport-3.3.6.jar;C:\Users\Shakeer\.m2\repository\net\java\dev\jna\jna\5.13.0\jna-5.13.0.jar;C:\Users\Shakeer\.m2\repository\org\brotli\dec\0.1.2\dec-0.1.2.jar;C:\Users\Shakeer\.m2\repository\org\apache\commons\commons-lang3\3.14.0\commons-lang3-3.14.0.jar;C:\Users\Shakeer\.m2\repository\org\apache\commons\commons-compress\1.26.1\commons-compress-1.26.1.jar;C:\Users\Shakeer\.m2\repository\commons-codec\commons-codec\1.16.1\commons-codec-1.16.1.jar;C:\Users\Shakeer\.m2\repository\commons-io\commons-io\2.15.1\commons-io-2.15.1.jar;C:\Users\Shakeer\.m2\repository\org\apache\httpcomponents\client5\httpclient5\5.2.1\httpclient5-5.2.1.jar;C:\Users\Shakeer\.m2\repository\org\apache\httpcomponents\core5\httpcore5\5.2\httpcore5-5.2.jar;C:\Users\Shakeer\.m2\repository\org\apache\httpcomponents\core5\httpcore5-h2\5.2\httpcore5-h2-5.2.jar;C:\Users\Shakeer\.m2\repository\com\codoid\products\fillo\1.22\fillo-1.22.jar;C:\Users\Shakeer\.m2\repository\org\testng\testng\7.7.1\testng-7.7.1.jar;C:\Users\Shakeer\.m2\repository\com\beust\jcommander\1.82\jcommander-1.82.jar;C:\Users\Shakeer\.m2\repository\org\webjars\jquery\3.6.1\jquery-3.6.1.jar;C:\Users\Shakeer\.m2\repository\io\rest-assured\rest-assured\4.0.0\rest-assured-4.0.0.jar;C:\Users\Shakeer\.m2\repository\org\codehaus\groovy\groovy-xml\2.5.6\groovy-xml-2.5.6.jar;C:\Users\Shakeer\.m2\repository\org\apache\httpcomponents\httpclient\4.5.3\httpclient-4.5.3.jar;C:\Users\Shakeer\.m2\repository\org\apache\httpcomponents\httpcore\4.4.6\httpcore-4.4.6.jar;C:\Users\Shakeer\.m2\repository\commons-logging\commons-logging\1.2\commons-logging-1.2.jar;C:\Users\Shakeer\.m2\repository\org\apache\httpcomponents\httpmime\4.5.3\httpmime-4.5.3.jar;C:\Users\Shakeer\.m2\repository\org\hamcrest\hamcrest-core\2.1\hamcrest-core-2.1.jar;C:\Users\Shakeer\.m2\repository\org\hamcrest\hamcrest-library\2.1\hamcrest-library-2.1.jar;C:\Users\Shakeer\.m2\repository\org\ccil\cowan\tagsoup\tagsoup\1.2.1\tagsoup-1.2.1.jar;C:\Users\Shakeer\.m2\repository\io\rest-assured\json-path\4.0.0\json-path-4.0.0.jar;C:\Users\Shakeer\.m2\repository\org\codehaus\groovy\groovy-json\2.5.6\groovy-json-2.5.6.jar;C:\Users\Shakeer\.m2\repository\io\rest-assured\xml-path\4.2.0\xml-path-4.2.0.jar;C:\Users\Shakeer\.m2\repository\io\rest-assured\rest-assured-common\4.2.0\rest-assured-common-4.2.0.jar;C:\Users\Shakeer\.m2\repository\jakarta\xml\bind\jakarta.xml.bind-api\2.3.2\jakarta.xml.bind-api-2.3.2.jar;C:\Users\Shakeer\.m2\repository\jakarta\activation\jakarta.activation-api\1.2.1\jakarta.activation-api-1.2.1.jar;C:\Users\Shakeer\.m2\repository\com\sun\xml\bind\jaxb-osgi\2.3.0.1\jaxb-osgi-2.3.0.1.jar;C:\Users\Shakeer\.m2\repository\org\apache\sling\org.apache.sling.javax.activation\0.1.0\org.apache.sling.javax.activation-0.1.0.jar;C:\Users\Shakeer\.m2\repository\javax\activation\activation\1.1.1\activation-1.1.1.jar;C:\Users\Shakeer\.m2\repository\io\rest-assured\json-schema-validator\4.2.0\json-schema-validator-4.2.0.jar;C:\Users\Shakeer\.m2\repository\com\github\java-json-tools\json-schema-validator\2.2.10\json-schema-validator-2.2.10.jar;C:\Users\Shakeer\.m2\repository\com\github\java-json-tools\json-schema-core\1.2.10\json-schema-core-1.2.10.jar;C:\Users\Shakeer\.m2\repository\com\github\java-json-tools\jackson-coreutils\1.9\jackson-coreutils-1.9.jar;C:\Users\Shakeer\.m2\repository\com\github\fge\msg-simple\1.1\msg-simple-1.1.jar;C:\Users\Shakeer\.m2\repository\com\github\fge\btf\1.2\btf-1.2.jar;C:\Users\Shakeer\.m2\repository\com\github\fge\uri-template\0.9\uri-template-0.9.jar;C:\Users\Shakeer\.m2\repository\org\mozilla\rhino\1.7.7.1\rhino-1.7.7.1.jar;C:\Users\Shakeer\.m2\repository\javax\mail\mailapi\1.4.3\mailapi-1.4.3.jar;C:\Users\Shakeer\.m2\repository\joda-time\joda-time\2.9.7\joda-time-2.9.7.jar;C:\Users\Shakeer\.m2\repository\com\googlecode\libphonenumber\libphonenumber\8.0.0\libphonenumber-8.0.0.jar;C:\Users\Shakeer\.m2\repository\com\google\code\findbugs\jsr305\3.0.1\jsr305-3.0.1.jar;C:\Users\Shakeer\.m2\repository\net\sf\jopt-simple\jopt-simple\5.0.3\jopt-simple-5.0.3.jar;C:\Users\Shakeer\.m2\repository\org\hamcrest\hamcrest\2.1\hamcrest-2.1.jar;C:\Users\Shakeer\.m2\repository\org\codehaus\groovy\groovy\3.0.8\groovy-3.0.8.jar;C:\Users\Shakeer\.m2\repository\org\apache\logging\log4j\log4j-core\2.20.0\log4j-core-2.20.0.jar;C:\Users\Shakeer\.m2\repository\org\apache\logging\log4j\log4j-api\2.20.0\log4j-api-2.20.0.jar;C:\Users\Shakeer\.m2\repository\io\cucumber\cucumber-java\7.11.1\cucumber-java-7.11.1.jar;C:\Users\Shakeer\.m2\repository\org\apiguardian\apiguardian-api\1.1.2\apiguardian-api-1.1.2.jar;C:\Users\Shakeer\.m2\repository\io\cucumber\cucumber-junit\7.11.1\cucumber-junit-7.11.1.jar;C:\Users\Shakeer\.m2\repository\io\cucumber\cucumber-core\7.11.1\cucumber-core-7.11.1.jar;C:\Users\Shakeer\.m2\repository\io\cucumber\cucumber-gherkin\7.11.1\cucumber-gherkin-7.11.1.jar;C:\Users\Shakeer\.m2\repository\io\cucumber\cucumber-gherkin-messages\7.11.1\cucumber-gherkin-messages-7.11.1.jar;C:\Users\Shakeer\.m2\repository\io\cucumber\gherkin\26.0.3\gherkin-26.0.3.jar;C:\Users\Shakeer\.m2\repository\io\cucumber\messages\21.0.1\messages-21.0.1.jar;C:\Users\Shakeer\.m2\repository\io\cucumber\tag-expressions\5.0.1\tag-expressions-5.0.1.jar;C:\Users\Shakeer\.m2\repository\io\cucumber\cucumber-expressions\16.1.2\cucumber-expressions-16.1.2.jar;C:\Users\Shakeer\.m2\repository\io\cucumber\datatable\7.11.1\datatable-7.11.1.jar;C:\Users\Shakeer\.m2\repository\io\cucumber\cucumber-plugin\7.11.1\cucumber-plugin-7.11.1.jar;C:\Users\Shakeer\.m2\repository\io\cucumber\docstring\7.11.1\docstring-7.11.1.jar;C:\Users\Shakeer\.m2\repository\io\cucumber\html-formatter\20.2.1\html-formatter-20.2.1.jar;C:\Users\Shakeer\.m2\repository\io\cucumber\junit-xml-formatter\0.1.0\junit-xml-formatter-0.1.0.jar;C:\Users\Shakeer\.m2\repository\io\cucumber\ci-environment\9.1.0\ci-environment-9.1.0.jar;C:\Users\Shakeer\.m2\repository\junit\junit\4.13.2\junit-4.13.2.jar;"/>
    <property name="sun.cpu.endian" value="little"/>
    <property name="user.home" value="C:\Users\Shakeer"/>
    <property name="user.language" value="en"/>
    <property name="java.specification.vendor" value="Oracle Corporation"/>
    <property name="java.version.date" value="2022-04-22"/>
    <property name="java.home" value="C:\Program Files\JAVA\jdk-18.0.1.1"/>
    <property name="file.separator" value="\"/>
    <property name="basedir" value="C:\Users\Shakeer\IdeaProjects\CucumberFramework"/>
    <property name="java.vm.compressedOopsMode" value="32-bit"/>
    <property name="line.separator" value="&#10;"/>
    <property name="java.vm.specification.vendor" value="Oracle Corporation"/>
    <property name="java.specification.name" value="Java Platform API Specification"/>
    <property name="surefire.real.class.path" value="C:\Users\Shakeer\AppData\Local\Temp\surefire429794656265637912\surefirebooter-20240814214654188_3.jar"/>
    <property name="user.script" value=""/>
    <property name="sun.management.compiler" value="HotSpot 64-Bit Tiered Compilers"/>
    <property name="java.runtime.version" value="18.0.1.1+2-6"/>
    <property name="user.name" value="Shakeer"/>
    <property name="path.separator" value=";"/>
    <property name="os.version" value="10.0"/>
    <property name="java.runtime.name" value="Java(TM) SE Runtime Environment"/>
    <property name="file.encoding" value="UTF-8"/>
    <property name="java.vm.name" value="Java HotSpot(TM) 64-Bit Server VM"/>
    <property name="localRepository" value="C:\Users\Shakeer\.m2\repository"/>
    <property name="java.vendor.url.bug" value="https://bugreport.java.com/bugreport/"/>
    <property name="java.io.tmpdir" value="C:\Users\Shakeer\AppData\Local\Temp\"/>
    <property name="java.version" value="18.0.1.1"/>
    <property name="cucumber.filter.tags" value="@Scenario"/>
    <property name="user.dir" value="C:\Users\Shakeer\IdeaProjects\CucumberFramework"/>
    <property name="os.arch" value="amd64"/>
    <property name="java.vm.specification.name" value="Java Virtual Machine Specification"/>
    <property name="sun.os.patch.level" value=""/>
    <property name="native.encoding" value="Cp1252"/>
    <property name="java.library.path" value="C:\Program Files\JAVA\jdk-18.0.1.1\bin;C:\WINDOWS\Sun\Java\bin;C:\WINDOWS\system32;C:\WINDOWS;C:\Python312\Scripts\;C:\Python312\;C:\Program Files (x86)\Common Files\Oracle\Java\javapath;C:\WINDOWS\system32;C:\WINDOWS;C:\WINDOWS\System32\Wbem;C:\WINDOWS\System32\WindowsPowerShell\v1.0\;C:\WINDOWS\System32\OpenSSH\;C:\Program Files\JAVA\jdk-18.0.1.1\bin;C:\Program Files\MAVEN\apache-maven-3.6.3\bin;C:\Users\Shakeer\Documents\Shakeer\StudyMaterials\axis2-1.6.2\bin;C:\Users\Shakeer\AppData\Local\Programs\Python\Python310;C:\Users\Shakeer\AppData\Local\Programs\Python\Python310\Scripts;C:\bin;C:\Users\Shakeer\AppData\Local\Android\Sdk\tools\bin;C:\Users\Shakeer\AppData\Local\Android\Sdk\tools;C:\Users\Shakeer\AppData\Local\Android\Sdk\platform-tools;C:\Program Files\Git\cmd;C:\Users\Shakeer\AppData\Roaming\npm;C:\Program Files\nodejs\;C:\ProgramData\chocolatey\bin;C:\Program Files\MySQL\MySQL Shell 8.0\bin\;C:\Users\Shakeer\AppData\Local\Microsoft\WindowsApps;C:\Program Files\JAVA\jdk-18.0.1.1\bin;C:\Program Files\MAVEN\apache-maven-3.6.3\bin;C:\Users\Shakeer\AppData\Local\Programs\Python\Python38-32;C:\Users\Shakeer\AppData\Local\Programs\Python\Python38-32\Scripts;C:\Users\Shakeer\AppData\Local\GitHubDesktop\bin;C:\Users\Shakeer\Documents\Shakeer\StudyMaterials\bin;C:\bin;C:\Users\Shakeer\AppData\Local\Android\Sdk\tools\bin;C:\Users\Shakeer\AppData\Local\Android\Sdk\tools;C:\Users\Shakeer\AppData\Local\Android\Sdk\platform-tools;C:\gatling\gatling-charts-highcharts-bundle-3.9.5;C:\Program Files\nodejs;C:\Users\Shakeer\AppData\Local\Programs\Microsoft VS Code\bin;C:\Users\Shakeer\AppData\Roaming\npm;;."/>
    <property name="java.vm.info" value="mixed mode, sharing"/>
    <property name="java.vendor" value="Oracle Corporation"/>
    <property name="java.vm.version" value="18.0.1.1+2-6"/>
    <property name="sun.io.unicode.encoding" value="UnicodeLittle"/>
    <property name="java.class.version" value="62.0"/>
  </properties>
</testsuite>